\BOOKMARK [1][-]{section.1}{Introduction}{}% 1
\BOOKMARK [2][-]{subsection.1.1}{Notation}{section.1}% 2
\BOOKMARK [1][-]{section.2}{Control of multiclass queueing networks}{}% 3
\BOOKMARK [2][-]{subsection.2.1}{The criss-cross network}{section.2}% 4
\BOOKMARK [2][-]{subsection.2.2}{General formulation of multiclass queueing network control problem}{section.2}% 5
\BOOKMARK [1][-]{section.3}{Reinforcement learning approach for queueing network control}{}% 6
\BOOKMARK [2][-]{subsection.3.1}{Positive recurrence and V-uniform ergodicity}{section.3}% 7
\BOOKMARK [2][-]{subsection.3.2}{Poisson equation}{section.3}% 8
\BOOKMARK [2][-]{subsection.3.3}{Improvement guarantee for average cost objective}{section.3}% 9
\BOOKMARK [2][-]{subsection.3.4}{Proximal Policy Optimization}{section.3}% 10
\BOOKMARK [1][-]{section.4}{Advantage function estimation}{}% 11
\BOOKMARK [2][-]{subsection.4.1}{Regenerative estimation}{section.4}% 12
\BOOKMARK [2][-]{subsection.4.2}{Approximating martingale-process method}{section.4}% 13
\BOOKMARK [2][-]{subsection.4.3}{Variance reduction through discount}{section.4}% 14
\BOOKMARK [1][-]{section.5}{Experimental results for multiclass queueing networks}{}% 15
\BOOKMARK [2][-]{subsection.5.1}{Criss-cross network}{section.5}% 16
\BOOKMARK [2][-]{subsection.5.2}{Extended six-class queueing network}{section.5}% 17
\BOOKMARK [2][-]{subsection.5.3}{Parallel servers network}{section.5}% 18
\BOOKMARK [1][-]{section.6}{Conclusion}{}% 19
\BOOKMARK [1][-]{appendix.A}{Proofs of the theorems in Section 3}{}% 20
\BOOKMARK [1][-]{appendix.B}{ Proofs of the theorems in Section 4 }{}% 21
\BOOKMARK [1][-]{appendix.C}{Maximal Stability of Proportionally Randomized Policy}{}% 22
\BOOKMARK [1][-]{appendix.D}{Additional experimental results}{}% 23
\BOOKMARK [1][-]{appendix.E}{Neural Network structure}{}% 24
\BOOKMARK [1][-]{appendix.F}{Implementation Details and Experiment Parameters}{}% 25
